Checking output folders...
'/lustre1/project/stg_00019/research/yan/nanopore_data/CNV_analysis' folder ready!
Checking output subfolders...
'/lustre1/project/stg_00019/research/yan/nanopore_data/CNV_analysis/Results' folder ready!
'/lustre1/project/stg_00019/research/yan/nanopore_data/CNV_analysis/Plots' folder ready!
'/lustre1/project/stg_00019/research/yan/nanopore_data/CNV_analysis/.tmp' folder ready!
Preparing Multiprocessor Analysis...
Multiprocessor Analysis Complete
Starting Multiprocessor Analysis!
Starting Segmentation and Calling...
Read 24 items
Error in MatrixSeg[c(indCountS:indCountE), ] <- ChrSeg : 
  number of items to replace is not a multiple of replacement length
Execution halted
Segmentation and Calling Complete
My Children: 4620
Multiprocessor Analysis Complete!
Checking output folders...
'/lustre1/project/stg_00019/research/yan/nanopore_data/CNV_analysis' folder ready!
Checking output subfolders...
'/lustre1/project/stg_00019/research/yan/nanopore_data/CNV_analysis/Results' folder ready!
'/lustre1/project/stg_00019/research/yan/nanopore_data/CNV_analysis/Plots' folder ready!
'/lustre1/project/stg_00019/research/yan/nanopore_data/CNV_analysis/.tmp' folder ready!
Preparing Multiprocessor Analysis...
Multiprocessor Analysis Complete
Starting Multiprocessor Analysis!
Starting Segmentation and Calling...
Read 24 items
Error in MatrixSeg[c(indCountS:indCountE), ] <- ChrSeg : 
  number of items to replace is not a multiple of replacement length
Execution halted
Segmentation and Calling Complete
My Children: 6566
Multiprocessor Analysis Complete!
