Program folder is: /vsc-hard-mounts/leuven-data/339/vsc33900/A00_software/NanoGLADIATOR_1.0
Preparing Multiprocessor Analysis...
Starting Multiprocessor Analysis!
Creating '/lustre1/project/stg_00019/research/yan/nanopore_data/CNV_analysis/mc_PTA/RC' folder...
Creating '/lustre1/project/stg_00019/research/yan/nanopore_data/CNV_analysis/mc_PTA/RCNorm' folder...
Creating '/lustre1/project/stg_00019/research/yan/nanopore_data/CNV_analysis/mc_PTA/Images' folder...
Working on sample mc_PTA.
Creating Read Count Data...
Removing temporary files...
Read Count done!
Normalizing Read Count Data...
Loading required package: lattice
Loading required package: survival
Loading required package: Formula
Loading required package: ggplot2

Attaching package: ‘ggplot2’

The following object is masked _by_ ‘.GlobalEnv’:

    Position


Attaching package: ‘Hmisc’

The following objects are masked from ‘package:base’:

    format.pval, units

null device 
          1 
null device 
          1 
null device 
          1 
null device 
          1 
Normalization done!
Performed RC calculations and Normalization on samples: 
mc_PTAMultiprocessor Analysis Complete!
