Program folder is: /vsc-hard-mounts/leuven-data/339/vsc33900/A00_software/NanoGLADIATOR_1.0
Preparing Multiprocessor Analysis...
Warning message:
In read.table(ExperimentalFile, sep = " ", quote = "", header = F) :
  incomplete final line found by readTableHeader on 'BamFilePrepare.txt'
Starting Multiprocessor Analysis!
'/lustre1/project/stg_00019/research/yan/nanopore_data/CNV_analysis/sc_PTA/RC' folder ready!
'/lustre1/project/stg_00019/research/yan/nanopore_data/CNV_analysis/sc_PTA/RCNorm' folder ready!
'/lustre1/project/stg_00019/research/yan/nanopore_data/CNV_analysis/sc_PTA/Images' folder ready!
Working on sample sc_PTA.
Creating Read Count Data...
'/lustre1/project/stg_00019/research/yan/nanopore_data/CNV_analysis/bulk/RC' folder ready!
'/lustre1/project/stg_00019/research/yan/nanopore_data/CNV_analysis/bulk/RCNorm' folder ready!
'/lustre1/project/stg_00019/research/yan/nanopore_data/CNV_analysis/bulk/Images' folder ready!
Working on sample bulk.
Creating Read Count Data...
'/lustre1/project/stg_00019/research/yan/nanopore_data/CNV_analysis/mc_PTA/RC' folder ready!
'/lustre1/project/stg_00019/research/yan/nanopore_data/CNV_analysis/mc_PTA/RCNorm' folder ready!
'/lustre1/project/stg_00019/research/yan/nanopore_data/CNV_analysis/mc_PTA/Images' folder ready!
Working on sample mc_PTA.
Creating Read Count Data...
'/lustre1/project/stg_00019/research/yan/nanopore_data/CNV_analysis/sc_repli-g/RC' folder ready!
'/lustre1/project/stg_00019/research/yan/nanopore_data/CNV_analysis/sc_repli-g/RCNorm' folder ready!
'/lustre1/project/stg_00019/research/yan/nanopore_data/CNV_analysis/sc_repli-g/Images' folder ready!
Working on sample sc_repli-g.
Creating Read Count Data...
'/lustre1/project/stg_00019/research/yan/nanopore_data/CNV_analysis/mc_repli-g/RC' folder ready!
'/lustre1/project/stg_00019/research/yan/nanopore_data/CNV_analysis/mc_repli-g/RCNorm' folder ready!
'/lustre1/project/stg_00019/research/yan/nanopore_data/CNV_analysis/mc_repli-g/Images' folder ready!
Working on sample mc_repli-g.
Creating Read Count Data...
Warning message:
In readLines(fileconIN, n = step) :
  line 102942 appears to contain an embedded nul
Warning message:
In readLines(fileconIN, n = step) :
  line 11320 appears to contain an embedded nul
Warning message:
In readLines(fileconIN, n = step) :
  line 68078 appears to contain an embedded nul
Error in if (control <= 0) { : missing value where TRUE/FALSE needed
In addition: Warning message:
In readLines(fileconIN, n = step) :
  line 37118 appears to contain an embedded nul
Execution halted
Error in if (control <= 0) { : missing value where TRUE/FALSE needed
Execution halted
Error in if (control <= 0) { : missing value where TRUE/FALSE needed
In addition: Warning message:
In readLines(fileconIN, n = step) :
  line 34817 appears to contain an embedded nul
Execution halted
Warning message:
In readLines(fileconIN, n = step) :
  line 24125 appears to contain an embedded nul
Error in .Fortran("EXOMECOUNT", as.integer(ReadVector), as.integer(Nexome),  : 
  NAs in foreign function call (arg 1)
In addition: Warning message:
In as.integer(unlist(strsplit(tt, "\t"))[pari]) :
  NAs introduced by coercion to integer range
Execution halted
Error in if (control <= 0) { : missing value where TRUE/FALSE needed
In addition: Warning message:
In readLines(fileconIN, n = step) :
  line 54176 appears to contain an embedded nul
Execution halted
Warning message:
In readLines(fileconIN, n = step) :
  line 33451 appears to contain an embedded nul
Error in if (control <= 0) { : missing value where TRUE/FALSE needed
Execution halted
Removing temporary files...
Read Count done!
Normalizing Read Count Data...
Loading required package: lattice
Loading required package: survival
Loading required package: Formula
Loading required package: ggplot2

Attaching package: ‘ggplot2’

The following object is masked _by_ ‘.GlobalEnv’:

    Position


Attaching package: ‘Hmisc’

The following objects are masked from ‘package:base’:

    format.pval, units

null device 
          1 
null device 
          1 
null device 
          1 
null device 
          1 
Normalization done!
Performed RC calculations and Normalization on samples: 
mc_PTAError in file(fileIN, open = "r") : cannot open the connection
In addition: Warning message:
In file(fileIN, open = "r") :
  cannot open file '/lustre1/project/stg_00019/research/yan/nanopore_data/CNV_analysis/bulk/.tmp/.FilteredBamtmp.000': No such file or directory
Execution halted
/vsc-hard-mounts/leuven-data/339/vsc33900/A00_software/NanoGLADIATOR_1.0/lib/bash/./BAM2RC.sh: line 30: /lustre1/project/stg_00019/research/yan/nanopore_data/CNV_analysis/bulk/.tmp/.FilteredBamtmp.000: No such file or directory
Error in file(fileIN, open = "r") : cannot open the connection
In addition: Warning message:
In file(fileIN, open = "r") :
  cannot open file '/lustre1/project/stg_00019/research/yan/nanopore_data/CNV_analysis/bulk/.tmp/.FilteredBamtmp.000': No such file or directory
Execution halted
/vsc-hard-mounts/leuven-data/339/vsc33900/A00_software/NanoGLADIATOR_1.0/lib/bash/./BAM2RC.sh: line 30: /lustre1/project/stg_00019/research/yan/nanopore_data/CNV_analysis/bulk/.tmp/.FilteredBamtmp.000: No such file or directory
Error in file(fileIN, open = "r") : cannot open the connection
In addition: Warning message:
In file(fileIN, open = "r") :
  cannot open file '/lustre1/project/stg_00019/research/yan/nanopore_data/CNV_analysis/bulk/.tmp/.FilteredBamtmp.000': No such file or directory
Execution halted
/vsc-hard-mounts/leuven-data/339/vsc33900/A00_software/NanoGLADIATOR_1.0/lib/bash/./BAM2RC.sh: line 30: /lustre1/project/stg_00019/research/yan/nanopore_data/CNV_analysis/bulk/.tmp/.FilteredBamtmp.000: No such file or directory
Error in file(fileIN, open = "r") : cannot open the connection
In addition: Warning message:
In file(fileIN, open = "r") :
  cannot open file '/lustre1/project/stg_00019/research/yan/nanopore_data/CNV_analysis/bulk/.tmp/.FilteredBamtmp.000': No such file or directory
Execution halted
/vsc-hard-mounts/leuven-data/339/vsc33900/A00_software/NanoGLADIATOR_1.0/lib/bash/./BAM2RC.sh: line 30: /lustre1/project/stg_00019/research/yan/nanopore_data/CNV_analysis/bulk/.tmp/.FilteredBamtmp.000: No such file or directory
Error in file(fileIN, open = "r") : cannot open the connection
In addition: Warning message:
In file(fileIN, open = "r") :
  cannot open file '/lustre1/project/stg_00019/research/yan/nanopore_data/CNV_analysis/bulk/.tmp/.FilteredBamtmp.000': No such file or directory
Execution halted
/vsc-hard-mounts/leuven-data/339/vsc33900/A00_software/NanoGLADIATOR_1.0/lib/bash/./BAM2RC.sh: line 30: /lustre1/project/stg_00019/research/yan/nanopore_data/CNV_analysis/bulk/.tmp/.FilteredBamtmp.000: No such file or directory
Error in file(fileIN, open = "r") : cannot open the connection
In addition: Warning message:
In file(fileIN, open = "r") :
  cannot open file '/lustre1/project/stg_00019/research/yan/nanopore_data/CNV_analysis/bulk/.tmp/.FilteredBamtmp.000': No such file or directory
Execution halted
/vsc-hard-mounts/leuven-data/339/vsc33900/A00_software/NanoGLADIATOR_1.0/lib/bash/./BAM2RC.sh: line 30: /lustre1/project/stg_00019/research/yan/nanopore_data/CNV_analysis/bulk/.tmp/.FilteredBamtmp.000: No such file or directory
Error in file(fileIN, open = "r") : cannot open the connection
In addition: Warning message:
In file(fileIN, open = "r") :
  cannot open file '/lustre1/project/stg_00019/research/yan/nanopore_data/CNV_analysis/bulk/.tmp/.FilteredBamtmp.000': No such file or directory
Execution halted
/vsc-hard-mounts/leuven-data/339/vsc33900/A00_software/NanoGLADIATOR_1.0/lib/bash/./BAM2RC.sh: line 30: /lustre1/project/stg_00019/research/yan/nanopore_data/CNV_analysis/bulk/.tmp/.FilteredBamtmp.000: No such file or directory
Error in file(fileIN, open = "r") : cannot open the connection
In addition: Warning message:
In file(fileIN, open = "r") :
  cannot open file '/lustre1/project/stg_00019/research/yan/nanopore_data/CNV_analysis/bulk/.tmp/.FilteredBamtmp.000': No such file or directory
Execution halted
/vsc-hard-mounts/leuven-data/339/vsc33900/A00_software/NanoGLADIATOR_1.0/lib/bash/./BAM2RC.sh: line 30: /lustre1/project/stg_00019/research/yan/nanopore_data/CNV_analysis/bulk/.tmp/.FilteredBamtmp.000: No such file or directory
Error in file(fileIN, open = "r") : cannot open the connection
In addition: Warning message:
In file(fileIN, open = "r") :
  cannot open file '/lustre1/project/stg_00019/research/yan/nanopore_data/CNV_analysis/bulk/.tmp/.FilteredBamtmp.000': No such file or directory
Execution halted
/vsc-hard-mounts/leuven-data/339/vsc33900/A00_software/NanoGLADIATOR_1.0/lib/bash/./BAM2RC.sh: line 30: /lustre1/project/stg_00019/research/yan/nanopore_data/CNV_analysis/bulk/.tmp/.FilteredBamtmp.000: No such file or directory
Error in file(fileIN, open = "r") : cannot open the connection
In addition: Warning message:
In file(fileIN, open = "r") :
  cannot open file '/lustre1/project/stg_00019/research/yan/nanopore_data/CNV_analysis/bulk/.tmp/.FilteredBamtmp.000': No such file or directory
Execution halted
Removing temporary files...
Read Count done!
Normalizing Read Count Data...
Loading required package: lattice
Loading required package: survival
Loading required package: Formula
Loading required package: ggplot2

Attaching package: ‘ggplot2’

The following object is masked _by_ ‘.GlobalEnv’:

    Position


Attaching package: ‘Hmisc’

The following objects are masked from ‘package:base’:

    format.pval, units

Error in gzfile(file) : invalid 'description' argument
Calls: loadRC -> load -> gzfile
Execution halted
Normalization done!
Performed RC calculations and Normalization on samples: 
bulkRemoving temporary files...
Read Count done!
Normalizing Read Count Data...
Loading required package: lattice
Loading required package: survival
Loading required package: Formula
Loading required package: ggplot2

Attaching package: ‘ggplot2’

The following object is masked _by_ ‘.GlobalEnv’:

    Position


Attaching package: ‘Hmisc’

The following objects are masked from ‘package:base’:

    format.pval, units

null device 
          1 
null device 
          1 
null device 
          1 
null device 
          1 
Normalization done!
Performed RC calculations and Normalization on samples: 
mc_repli-gRemoving temporary files...
Read Count done!
Normalizing Read Count Data...
Loading required package: lattice
Loading required package: survival
Loading required package: Formula
Loading required package: ggplot2

Attaching package: ‘ggplot2’

The following object is masked _by_ ‘.GlobalEnv’:

    Position


Attaching package: ‘Hmisc’

The following objects are masked from ‘package:base’:

    format.pval, units

null device 
          1 
null device 
          1 
null device 
          1 
null device 
          1 
Normalization done!
Performed RC calculations and Normalization on samples: 
sc_PTARemoving temporary files...
Read Count done!
Normalizing Read Count Data...
Loading required package: lattice
Loading required package: survival
Loading required package: Formula
Loading required package: ggplot2

Attaching package: ‘ggplot2’

The following object is masked _by_ ‘.GlobalEnv’:

    Position


Attaching package: ‘Hmisc’

The following objects are masked from ‘package:base’:

    format.pval, units

null device 
          1 
null device 
          1 
null device 
          1 
null device 
          1 
Normalization done!
Performed RC calculations and Normalization on samples: 
sc_repli-gMultiprocessor Analysis Complete!
